<?xml version="1.0" encoding="utf-8"?><testsuites name="pytest tests"><testsuite name="pytest" errors="0" failures="0" skipped="0" tests="22" time="11.873" timestamp="2026-09-05T02:53:25.701671+00:00" hostname="localhost"><testcase classname="tests.test_simulation" name="test_simulation_is_reproducible" time="0.009" /><testcase classname="tests.test_starlette_web" name="test_health_and_algorithm_contract" time="0.006" /><testcase classname="tests.test_starlette_web" name="test_vue_frontend_shell_served" time="0.004" /><testcase classname="tests.test_stochastic_mpc" name="test_mpc_exact_enumeration_count_and_feasibility" time="0.000" /><testcase classname="tests.test_stochastic_mpc" name="test_mpc_can_report_infeasible" time="0.000" /><testcase classname="tests.test_temporal_recovery_ml" name="test_temporal_model_uses_time_aware_split_and_beats_persistence" time="0.786" /><testcase classname="tests.test_trajectory_ai" name="test_risk_predictions_are_bounded_and_worsen_with_impairment" time="0.016" /><testcase classname="tests.test_treatment_response_ml" name="test_gp_response_model_beats_mean_baseline_and_reports_uncertainty" time="0.004" /><testcase classname="tests.test_twin" name="test_twin_persists_and_computes_deltas" time="0.246" /><testcase classname="tests.test_twin_forecast" name="test_twin_forecast_has_complete_horizon_and_bounded_state" time="0.007" /><testcase classname="tests.test_v095_platform" name="test_gait_protocol_identifies_limitation" time="0.000" /><testcase classname="tests.test_v095_platform" name="test_motion_csv_real_input_contract" time="0.000" /><testcase classname="tests.test_v095_platform" name="test_evidence_store_provenance_and_timeline" time="0.001" /><testcase classname="tests.test_v095_platform" name="test_observatory_runs_all_phenotypes" time="1.101" /><testcase classname="tests.test_v1_full_workflow" name="test_clinical_episode_is_closed_loop" time="5.842" /><testcase classname="tests.test_v1_full_workflow" name="test_episode_report_preserves_evidence_language" time="2.902" /><testcase classname="tests.test_v1_full_workflow" name="test_assessment_suite_is_multi_protocol" time="0.000" /><testcase classname="tests.test_v1_full_workflow" name="test_motion_ingestion_returns_trace_and_readiness" time="0.001" /><testcase classname="tests.test_v1_motion_acceptance" name="test_bundled_motion_fixture_computes_features" time="0.001" /><testcase classname="tests.test_v1_motion_acceptance" name="test_missing_required_motion_column_rejected" time="0.000" /><testcase classname="tests.test_v1_motion_acceptance" name="test_sample_analysis_api" time="0.003" /><testcase classname="tests.test_v1_motion_acceptance" name="test_asymmetric_fixture_changes_biomechanical_features" time="0.001" /></testsuite></testsuites>