<?xml version="1.0" encoding="utf-8"?><testsuites name="pytest tests"><testsuite name="pytest" errors="0" failures="0" skipped="0" tests="15" time="2.169" timestamp="2026-09-05T02:53:22.187024+00:00" hostname="localhost"><testcase classname="tests.test_policy_benchmark_api" name="test_benchmark_endpoint_returns_common_objective_comparison" time="0.045" /><testcase classname="tests.test_policy_studio" name="test_policy_studio_connects_observation_estimation_ml_ie_or" time="0.014" /><testcase classname="tests.test_portfolio_validation" name="test_portfolio_validation_is_explicitly_nonclinical_and_safe" time="0.044" /><testcase classname="tests.test_rehab_math_identity" name="test_segmental_com_reference_case" time="0.000" /><testcase classname="tests.test_rehab_math_identity" name="test_margin_of_stability_reference_equation" time="0.000" /><testcase classname="tests.test_rehab_math_identity" name="test_symmetry_index_boundary" time="0.000" /><testcase classname="tests.test_rehab_math_identity" name="test_human_performance_overload_increases_fatigue" time="0.000" /><testcase classname="tests.test_rehab_math_identity" name="test_ukf_observation_reduces_uncertainty" time="0.001" /><testcase classname="tests.test_safe_envelope_ml" name="test_safe_envelope_beats_baseline_and_is_conservative" time="0.144" /><testcase classname="tests.test_safe_envelope_ml" name="test_safe_envelope_shrinks_with_pain_and_fatigue" time="0.087" /><testcase classname="tests.test_safety_certificate" name="test_safety_certificate_is_review_only_and_tamper_evident" time="0.997" /><testcase classname="tests.test_safety_certificate_api" name="test_safety_certificate_endpoint_is_verified_and_clinician_gated" time="0.002" /><testcase classname="tests.test_scheduling" name="test_scheduler_respects_capacity_and_priority" time="0.003" /><testcase classname="tests.test_scheduling_oracle" name="test_milp_small_instance_matches_enumerated_max_sessions" time="0.002" /><testcase classname="tests.test_signal_quality" name="test_periodic_signal_has_more_periodicity_than_noise" time="0.001" /></testsuite></testsuites>