<?xml version="1.0" encoding="utf-8"?><testsuites name="pytest tests"><testsuite name="pytest" errors="0" failures="0" skipped="0" tests="35" time="21.901" timestamp="2026-09-05T02:52:38.065364+00:00" hostname="localhost"><testcase classname="tests.test_ai" name="test_fall_risk_increases_with_synthetic_impairment" time="0.021" /><testcase classname="tests.test_apace_algorithm" name="test_apace_returns_feasible_policy_and_reduces_parameter_uncertainty" time="0.004" /><testcase classname="tests.test_apace_algorithm" name="test_apace_reproducible_for_seed" time="0.005" /><testcase classname="tests.test_apace_algorithm" name="test_small_beam_matches_exact_oracle_on_reference_case" time="0.003" /><testcase classname="tests.test_apace_algorithm" name="test_infeasible_when_stability_is_below_boundary" time="0.000" /><testcase classname="tests.test_apace_algorithm" name="test_information_weight_changes_dual_control_preference" time="0.001" /><testcase classname="tests.test_apace_benchmark" name="test_policy_benchmark_is_reproducible_and_safe" time="0.123" /><testcase classname="tests.test_apace_benchmark" name="test_apace_uncertainty_not_worse_than_nonexploratory_mpc_reference" time="0.073" /><testcase classname="tests.test_apace_studio" name="test_full_apace_studio_pipeline" time="1.126" /><testcase classname="tests.test_audit" name="test_decision_audit_is_deterministic_for_content" time="0.000" /><testcase classname="tests.test_biomechanics" name="test_higher_impairment_reduces_functional_capacity" time="0.013" /><testcase classname="tests.test_biomechanics_dynamics" name="test_segment_com_midpoint_reference" time="0.000" /><testcase classname="tests.test_biomechanics_dynamics" name="test_whole_body_com_mass_weighted_reference" time="0.000" /><testcase classname="tests.test_biomechanics_dynamics" name="test_inverse_dynamics_static_reference_equals_gravity_moment" time="0.000" /><testcase classname="tests.test_biomechanics_energetics" name="test_joint_power_and_work_reference_case" time="0.000" /><testcase classname="tests.test_data_validation" name="test_synthetic_session_passes_quality_checks" time="0.005" /><testcase classname="tests.test_data_validation" name="test_non_monotonic_wearable_timestamps_rejected" time="0.008" /><testcase classname="tests.test_feature_engines" name="test_feature_extractors_return_physical_ranges" time="0.006" /><testcase classname="tests.test_fusion" name="test_multimodal_fusion_is_bounded_and_explainable" time="0.006" /><testcase classname="tests.test_gait_event_fusion" name="test_fusion_returns_ordered_high_confidence_events" time="0.001" /><testcase classname="tests.test_gait_event_fusion" name="test_low_pose_confidence_still_allows_imu_supported_detection" time="0.001" /><testcase classname="tests.test_governance" name="test_required_governance_assets_exist" time="0.000" /><testcase classname="tests.test_hdf5_archive" name="test_hdf5_sensor_roundtrip" time="0.006" /><testcase classname="tests.test_hdf5_archive" name="test_hdf5_rejects_misaligned_channel" time="0.001" /><testcase classname="tests.test_ingestion" name="test_fhir_observation_adapter_is_explicit_and_typed" time="0.000" /><testcase classname="tests.test_ingestion" name="test_stream_buffer_enforces_bounds_and_readiness" time="0.000" /><testcase classname="tests.test_integrated_adaptive_system" name="test_integrated_apace_uses_learned_envelope_and_temporal_model" time="0.970" /><testcase classname="tests.test_integrated_adaptive_system" name="test_adaptive_episode_replans_and_contracts_uncertainty" time="2.207" /><testcase classname="tests.test_integrated_adaptive_system" name="test_population_stress_covers_all_phenotypes_and_is_safe" time="2.269" /><testcase classname="tests.test_ml_model" name="test_trained_model_beats_naive_brier_and_has_discrimination" time="13.742" /><testcase classname="tests.test_ml_model" name="test_trained_model_inference_is_bounded" time="0.008" /><testcase classname="tests.test_multiobjective" name="test_pareto_front_removes_clearly_dominated_plan" time="0.000" /><testcase classname="tests.test_optimization" name="test_optimizer_returns_feasible_plan" time="0.228" /><testcase classname="tests.test_phenotypes" name="test_phenotype_model_has_separated_synthetic_archetypes" time="0.020" /><testcase classname="tests.test_pipeline" name="test_pipeline_end_to_end" time="0.122" /></testsuite></testsuites>